<?xml version="1.0" encoding="UTF-8"?>
<coverage generated="1768491951768" clover="3.2.0">
  <project timestamp="1768491951768" name="All files">
    <metrics statements="33" coveredstatements="24" conditionals="4" coveredconditionals="1" methods="11" coveredmethods="6" elements="48" coveredelements="31" complexity="0" loc="33" ncloc="33" packages="1" files="1" classes="1"/>
    <file name="AuthContext.jsx" path="/Users/marvin/workspace/allesgut/.worktrees/frontend-v1/src/contexts/AuthContext.jsx">
      <metrics statements="33" coveredstatements="24" conditionals="4" coveredconditionals="1" methods="11" coveredmethods="6"/>
      <line num="4" count="1" type="stmt"/>
      <line num="6" count="1" type="stmt"/>
      <line num="7" count="5" type="stmt"/>
      <line num="8" count="5" type="stmt"/>
      <line num="11" count="5" type="stmt"/>
      <line num="12" count="3" type="stmt"/>
      <line num="13" count="3" type="stmt"/>
      <line num="14" count="3" type="stmt"/>
      <line num="15" count="2" type="stmt"/>
      <line num="17" count="0" type="stmt"/>
      <line num="18" count="0" type="stmt"/>
      <line num="20" count="2" type="stmt"/>
      <line num="24" count="3" type="stmt"/>
      <line num="28" count="5" type="stmt"/>
      <line num="29" count="3" type="stmt"/>
      <line num="30" count="0" type="stmt"/>
      <line num="31" count="0" type="stmt"/>
      <line num="34" count="3" type="stmt"/>
      <line num="35" count="3" type="stmt"/>
      <line num="38" count="5" type="stmt"/>
      <line num="39" count="0" type="stmt"/>
      <line num="42" count="5" type="stmt"/>
      <line num="43" count="0" type="stmt"/>
      <line num="44" count="0" type="stmt"/>
      <line num="47" count="5" type="stmt"/>
      <line num="48" count="0" type="cond" truecount="0" falsecount="2"/>
      <line num="51" count="5" type="stmt"/>
      <line num="60" count="5" type="stmt"/>
      <line num="67" count="1" type="stmt"/>
      <line num="68" count="5" type="stmt"/>
      <line num="69" count="5" type="cond" truecount="1" falsecount="1"/>
      <line num="70" count="0" type="stmt"/>
      <line num="72" count="5" type="stmt"/>
    </file>
  </project>
</coverage>
