TN:
SF:src/contexts/AuthContext.jsx
FN:6,(anonymous_0)
FN:11,(anonymous_1)
FN:12,(anonymous_2)
FN:28,(anonymous_3)
FN:29,(anonymous_4)
FN:35,(anonymous_5)
FN:38,(anonymous_6)
FN:42,(anonymous_7)
FN:47,(anonymous_8)
FN:48,(anonymous_9)
FN:67,(anonymous_10)
FNF:11
FNH:6
FNDA:5,(anonymous_0)
FNDA:3,(anonymous_1)
FNDA:3,(anonymous_2)
FNDA:3,(anonymous_3)
FNDA:0,(anonymous_4)
FNDA:3,(anonymous_5)
FNDA:0,(anonymous_6)
FNDA:0,(anonymous_7)
FNDA:0,(anonymous_8)
FNDA:0,(anonymous_9)
FNDA:5,(anonymous_10)
DA:4,1
DA:6,1
DA:7,5
DA:8,5
DA:11,5
DA:12,3
DA:13,3
DA:14,3
DA:15,2
DA:17,0
DA:18,0
DA:20,2
DA:24,3
DA:28,5
DA:29,3
DA:30,0
DA:31,0
DA:34,3
DA:35,3
DA:38,5
DA:39,0
DA:42,5
DA:43,0
DA:44,0
DA:47,5
DA:48,0
DA:51,5
DA:60,5
DA:67,1
DA:68,5
DA:69,5
DA:70,0
DA:72,5
LF:33
LH:24
BRDA:48,0,0,0
BRDA:48,0,1,0
BRDA:69,1,0,0
BRDA:69,1,1,5
BRF:4
BRH:1
end_of_record
